{"/Users/davidchrispen/Desktop/Dev/project-einstein-be/src/controllers/express-callback.ts": {"path":"/Users/davidchrispen/Desktop/Dev/project-einstein-be/src/controllers/express-callback.ts","statementMap":{"0":{"start":{"line":7,"column":1},"end":{"line":33,"column":null}},"1":{"start":{"line":8,"column":35},"end":{"line":20,"column":null}},"2":{"start":{"line":22,"column":2},"end":{"line":32,"column":null}},"3":{"start":{"line":24,"column":4},"end":{"line":30,"column":null}},"4":{"start":{"line":25,"column":5},"end":{"line":27,"column":null}},"5":{"start":{"line":26,"column":6},"end":{"line":26,"column":null}},"6":{"start":{"line":28,"column":5},"end":{"line":28,"column":null}},"7":{"start":{"line":29,"column":5},"end":{"line":29,"column":null}},"8":{"start":{"line":32,"column":16},"end":{"line":32,"column":76}},"9":{"start":{"line":6,"column":0},"end":{"line":6,"column":24}}},"fnMap":{"0":{"name":"makeExpressCallback","decl":{"start":{"line":6,"column":24},"end":{"line":6,"column":43}},"loc":{"start":{"line":6,"column":66},"end":{"line":34,"column":1}}},"1":{"name":"expressCallback","decl":{"start":{"line":7,"column":17},"end":{"line":7,"column":32}},"loc":{"start":{"line":7,"column":76},"end":{"line":33,"column":2}}},"2":{"name":"(anonymous_2)","decl":{"start":{"line":23,"column":9},"end":{"line":23,"column":10}},"loc":{"start":{"line":23,"column":52},"end":{"line":31,"column":4}}},"3":{"name":"(anonymous_3)","decl":{"start":{"line":32,"column":10},"end":{"line":32,"column":13}},"loc":{"start":{"line":32,"column":16},"end":{"line":32,"column":76}}}},"branchMap":{"0":{"loc":{"start":{"line":24,"column":4},"end":{"line":30,"column":null}},"type":"if","locations":[{"start":{"line":24,"column":4},"end":{"line":30,"column":null}}]},"1":{"loc":{"start":{"line":25,"column":5},"end":{"line":27,"column":null}},"type":"if","locations":[{"start":{"line":25,"column":5},"end":{"line":27,"column":null}}]}},"s":{"0":0,"1":0,"2":0,"3":0,"4":0,"5":0,"6":0,"7":0,"8":0,"9":0},"f":{"0":0,"1":0,"2":0,"3":0},"b":{"0":[0],"1":[0]}}
,"/Users/davidchrispen/Desktop/Dev/project-einstein-be/src/controllers/engagement-drafts/delete-engagement-draft.ts": {"path":"/Users/davidchrispen/Desktop/Dev/project-einstein-be/src/controllers/engagement-drafts/delete-engagement-draft.ts","statementMap":{"0":{"start":{"line":5,"column":1},"end":{"line":27,"column":null}},"1":{"start":{"line":8,"column":2},"end":{"line":26,"column":null}},"2":{"start":{"line":9,"column":18},"end":{"line":9,"column":36}},"3":{"start":{"line":11,"column":34},"end":{"line":11,"column":69}},"4":{"start":{"line":13,"column":3},"end":{"line":17,"column":null}},"5":{"start":{"line":19,"column":3},"end":{"line":25,"column":null}},"6":{"start":{"line":20,"column":4},"end":{"line":24,"column":null}},"7":{"start":{"line":4,"column":0},"end":{"line":4,"column":24}}},"fnMap":{"0":{"name":"makeDeleteEngagement","decl":{"start":{"line":4,"column":24},"end":{"line":4,"column":44}},"loc":{"start":{"line":4,"column":97},"end":{"line":28,"column":1}}},"1":{"name":"deleteEngagementDraft","decl":{"start":{"line":5,"column":23},"end":{"line":5,"column":44}},"loc":{"start":{"line":6,"column":26},"end":{"line":27,"column":null}}}},"branchMap":{"0":{"loc":{"start":{"line":19,"column":3},"end":{"line":25,"column":null}},"type":"if","locations":[{"start":{"line":19,"column":3},"end":{"line":25,"column":null}}]}},"s":{"0":0,"1":0,"2":0,"3":0,"4":0,"5":0,"6":0,"7":0},"f":{"0":0,"1":0},"b":{"0":[0]}}
,"/Users/davidchrispen/Desktop/Dev/project-einstein-be/src/controllers/engagement-drafts/index.ts": {"path":"/Users/davidchrispen/Desktop/Dev/project-einstein-be/src/controllers/engagement-drafts/index.ts","statementMap":{"0":{"start":{"line":1,"column":0},"end":{"line":1,"column":61}},"1":{"start":{"line":2,"column":0},"end":{"line":2,"column":60}},"2":{"start":{"line":3,"column":0},"end":{"line":3,"column":85}},"3":{"start":{"line":4,"column":0},"end":{"line":4,"column":69}},"4":{"start":{"line":6,"column":0},"end":{"line":6,"column":null}},"5":{"start":{"line":14,"column":28},"end":{"line":14,"column":98}},"6":{"start":{"line":27,"column":9},"end":{"line":27,"column":28}},"7":{"start":{"line":15,"column":30},"end":{"line":15,"column":81}},"8":{"start":{"line":27,"column":30},"end":{"line":27,"column":51}},"9":{"start":{"line":16,"column":34},"end":{"line":16,"column":99}},"10":{"start":{"line":27,"column":53},"end":{"line":27,"column":78}},"11":{"start":{"line":17,"column":27},"end":{"line":17,"column":81}},"12":{"start":{"line":27,"column":80},"end":{"line":27,"column":98}},"13":{"start":{"line":19,"column":35},"end":{"line":24,"column":2}},"14":{"start":{"line":26,"column":0},"end":{"line":26,"column":null}}},"fnMap":{},"branchMap":{},"s":{"0":0,"1":0,"2":0,"3":0,"4":0,"5":0,"6":0,"7":0,"8":0,"9":0,"10":0,"11":0,"12":0,"13":0,"14":0},"f":{},"b":{}}
,"/Users/davidchrispen/Desktop/Dev/project-einstein-be/src/controllers/engagement-drafts/post-engagement-draft.ts": {"path":"/Users/davidchrispen/Desktop/Dev/project-einstein-be/src/controllers/engagement-drafts/post-engagement-draft.ts","statementMap":{"0":{"start":{"line":17,"column":1},"end":{"line":48,"column":null}},"1":{"start":{"line":20,"column":2},"end":{"line":47,"column":null}},"2":{"start":{"line":21,"column":32},"end":{"line":21,"column":48}},"3":{"start":{"line":23,"column":23},"end":{"line":23,"column":40}},"4":{"start":{"line":25,"column":24},"end":{"line":25,"column":48}},"5":{"start":{"line":27,"column":27},"end":{"line":31,"column":null}},"6":{"start":{"line":34,"column":3},"end":{"line":38,"column":null}},"7":{"start":{"line":40,"column":3},"end":{"line":46,"column":null}},"8":{"start":{"line":41,"column":4},"end":{"line":45,"column":null}},"9":{"start":{"line":13,"column":0},"end":{"line":13,"column":24}}},"fnMap":{"0":{"name":"makePostEngagementDraft","decl":{"start":{"line":13,"column":24},"end":{"line":13,"column":47}},"loc":{"start":{"line":16,"column":21},"end":{"line":49,"column":1}}},"1":{"name":"postEngagementDraft","decl":{"start":{"line":17,"column":23},"end":{"line":17,"column":42}},"loc":{"start":{"line":18,"column":26},"end":{"line":48,"column":null}}}},"branchMap":{"0":{"loc":{"start":{"line":27,"column":27},"end":{"line":31,"column":null}},"type":"cond-expr","locations":[{"start":{"line":28,"column":6},"end":{"line":28,"column":74}},{"start":{"line":29,"column":6},"end":{"line":31,"column":null}}]},"1":{"loc":{"start":{"line":31,"column":14},"end":{"line":31,"column":35}},"type":"cond-expr","locations":[{"start":{"line":31,"column":26},"end":{"line":31,"column":28}},{"start":{"line":31,"column":14},"end":{"line":31,"column":35}}]},"2":{"loc":{"start":{"line":31,"column":14},"end":{"line":31,"column":28}},"type":"binary-expr","locations":[{"start":{"line":31,"column":14},"end":{"line":31,"column":28}},{"start":{"line":31,"column":14},"end":{"line":31,"column":28}}]},"3":{"loc":{"start":{"line":40,"column":3},"end":{"line":46,"column":null}},"type":"if","locations":[{"start":{"line":40,"column":3},"end":{"line":46,"column":null}}]}},"s":{"0":0,"1":0,"2":0,"3":0,"4":0,"5":0,"6":0,"7":0,"8":0,"9":0},"f":{"0":0,"1":0},"b":{"0":[0,0],"1":[0,0],"2":[0,0],"3":[0]}}
,"/Users/davidchrispen/Desktop/Dev/project-einstein-be/src/controllers/files/index.ts": {"path":"/Users/davidchrispen/Desktop/Dev/project-einstein-be/src/controllers/files/index.ts","statementMap":{"0":{"start":{"line":1,"column":0},"end":{"line":1,"column":40}},"1":{"start":{"line":2,"column":0},"end":{"line":2,"column":42}},"2":{"start":{"line":3,"column":0},"end":{"line":3,"column":47}},"3":{"start":{"line":5,"column":0},"end":{"line":5,"column":null}},"4":{"start":{"line":12,"column":18},"end":{"line":12,"column":73}},"5":{"start":{"line":23,"column":9},"end":{"line":23,"column":18}},"6":{"start":{"line":13,"column":19},"end":{"line":13,"column":53}},"7":{"start":{"line":23,"column":20},"end":{"line":23,"column":30}},"8":{"start":{"line":14,"column":21},"end":{"line":14,"column":59}},"9":{"start":{"line":23,"column":32},"end":{"line":23,"column":44}},"10":{"start":{"line":16,"column":24},"end":{"line":20,"column":2}},"11":{"start":{"line":22,"column":0},"end":{"line":22,"column":null}}},"fnMap":{},"branchMap":{},"s":{"0":0,"1":0,"2":0,"3":0,"4":0,"5":0,"6":0,"7":0,"8":0,"9":0,"10":0,"11":0},"f":{},"b":{}}
,"/Users/davidchrispen/Desktop/Dev/project-einstein-be/src/controllers/files/post-files.ts": {"path":"/Users/davidchrispen/Desktop/Dev/project-einstein-be/src/controllers/files/post-files.ts","statementMap":{"0":{"start":{"line":10,"column":1},"end":{"line":37,"column":null}},"1":{"start":{"line":11,"column":2},"end":{"line":36,"column":null}},"2":{"start":{"line":12,"column":21},"end":{"line":12,"column":38}},"3":{"start":{"line":13,"column":27},"end":{"line":13,"column":45}},"4":{"start":{"line":15,"column":24},"end":{"line":15,"column":41}},"5":{"start":{"line":17,"column":29},"end":{"line":17,"column":70}},"6":{"start":{"line":19,"column":3},"end":{"line":21,"column":null}},"7":{"start":{"line":20,"column":4},"end":{"line":20,"column":null}},"8":{"start":{"line":23,"column":3},"end":{"line":27,"column":null}},"9":{"start":{"line":29,"column":3},"end":{"line":35,"column":null}},"10":{"start":{"line":30,"column":4},"end":{"line":34,"column":null}},"11":{"start":{"line":9,"column":0},"end":{"line":9,"column":24}}},"fnMap":{"0":{"name":"makePostFiles","decl":{"start":{"line":9,"column":24},"end":{"line":9,"column":37}},"loc":{"start":{"line":9,"column":91},"end":{"line":38,"column":1}}},"1":{"name":"postFiles","decl":{"start":{"line":10,"column":23},"end":{"line":10,"column":32}},"loc":{"start":{"line":10,"column":57},"end":{"line":37,"column":null}}}},"branchMap":{"0":{"loc":{"start":{"line":19,"column":3},"end":{"line":21,"column":null}},"type":"if","locations":[{"start":{"line":19,"column":3},"end":{"line":21,"column":null}}]},"1":{"loc":{"start":{"line":29,"column":3},"end":{"line":35,"column":null}},"type":"if","locations":[{"start":{"line":29,"column":3},"end":{"line":35,"column":null}}]}},"s":{"0":0,"1":0,"2":0,"3":0,"4":0,"5":0,"6":0,"7":0,"8":0,"9":0,"10":0,"11":0},"f":{"0":0,"1":0},"b":{"0":[0],"1":[0]}}
,"/Users/davidchrispen/Desktop/Dev/project-einstein-be/src/data-access/index.ts": {"path":"/Users/davidchrispen/Desktop/Dev/project-einstein-be/src/data-access/index.ts","statementMap":{"0":{"start":{"line":1,"column":0},"end":{"line":1,"column":30}},"1":{"start":{"line":2,"column":0},"end":{"line":2,"column":48}},"2":{"start":{"line":3,"column":0},"end":{"line":3,"column":33}},"3":{"start":{"line":4,"column":0},"end":{"line":4,"column":33}},"4":{"start":{"line":5,"column":0},"end":{"line":5,"column":44}},"5":{"start":{"line":6,"column":0},"end":{"line":6,"column":29}},"6":{"start":{"line":7,"column":0},"end":{"line":7,"column":47}},"7":{"start":{"line":8,"column":0},"end":{"line":8,"column":34}},"8":{"start":{"line":9,"column":0},"end":{"line":9,"column":40}},"9":{"start":{"line":10,"column":0},"end":{"line":10,"column":40}},"10":{"start":{"line":11,"column":0},"end":{"line":11,"column":31}},"11":{"start":{"line":12,"column":0},"end":{"line":12,"column":42}},"12":{"start":{"line":13,"column":0},"end":{"line":13,"column":54}},"13":{"start":{"line":15,"column":13},"end":{"line":15,"column":null}},"14":{"start":{"line":16,"column":13},"end":{"line":16,"column":null}},"15":{"start":{"line":17,"column":13},"end":{"line":17,"column":null}},"16":{"start":{"line":18,"column":13},"end":{"line":18,"column":null}},"17":{"start":{"line":19,"column":13},"end":{"line":19,"column":null}},"18":{"start":{"line":20,"column":13},"end":{"line":20,"column":null}},"19":{"start":{"line":21,"column":13},"end":{"line":21,"column":null}},"20":{"start":{"line":22,"column":13},"end":{"line":22,"column":null}},"21":{"start":{"line":23,"column":13},"end":{"line":23,"column":null}},"22":{"start":{"line":24,"column":13},"end":{"line":24,"column":null}},"23":{"start":{"line":25,"column":13},"end":{"line":25,"column":null}},"24":{"start":{"line":26,"column":13},"end":{"line":26,"column":null}}},"fnMap":{},"branchMap":{},"s":{"0":1,"1":1,"2":1,"3":1,"4":1,"5":1,"6":1,"7":1,"8":1,"9":1,"10":1,"11":1,"12":1,"13":1,"14":1,"15":1,"16":1,"17":1,"18":1,"19":1,"20":1,"21":1,"22":1,"23":1,"24":1},"f":{},"b":{}}
,"/Users/davidchrispen/Desktop/Dev/project-einstein-be/src/routes/drafts-router.ts": {"path":"/Users/davidchrispen/Desktop/Dev/project-einstein-be/src/routes/drafts-router.ts","statementMap":{"0":{"start":{"line":1,"column":0},"end":{"line":1,"column":32}},"1":{"start":{"line":2,"column":0},"end":{"line":2,"column":58}},"2":{"start":{"line":4,"column":0},"end":{"line":4,"column":73}},"3":{"start":{"line":6,"column":13},"end":{"line":6,"column":null}},"4":{"start":{"line":8,"column":0},"end":{"line":8,"column":null}},"5":{"start":{"line":10,"column":0},"end":{"line":10,"column":null}},"6":{"start":{"line":12,"column":0},"end":{"line":12,"column":null}},"7":{"start":{"line":14,"column":0},"end":{"line":14,"column":null}}},"fnMap":{},"branchMap":{},"s":{"0":0,"1":0,"2":0,"3":0,"4":0,"5":0,"6":0,"7":0},"f":{},"b":{}}
,"/Users/davidchrispen/Desktop/Dev/project-einstein-be/src/routes/files-router.ts": {"path":"/Users/davidchrispen/Desktop/Dev/project-einstein-be/src/routes/files-router.ts","statementMap":{"0":{"start":{"line":1,"column":0},"end":{"line":1,"column":32}},"1":{"start":{"line":2,"column":0},"end":{"line":2,"column":58}},"2":{"start":{"line":3,"column":0},"end":{"line":3,"column":50}},"3":{"start":{"line":5,"column":0},"end":{"line":5,"column":27}},"4":{"start":{"line":7,"column":15},"end":{"line":9,"column":2}},"5":{"start":{"line":11,"column":13},"end":{"line":11,"column":null}},"6":{"start":{"line":13,"column":0},"end":{"line":13,"column":null}},"7":{"start":{"line":15,"column":0},"end":{"line":15,"column":null}},"8":{"start":{"line":17,"column":0},"end":{"line":17,"column":null}}},"fnMap":{},"branchMap":{},"s":{"0":0,"1":0,"2":0,"3":0,"4":0,"5":0,"6":0,"7":0,"8":0},"f":{},"b":{}}
,"/Users/davidchrispen/Desktop/Dev/project-einstein-be/src/use-cases/engagement-drafts/delete-engagement-draft-by-id.ts": {"path":"/Users/davidchrispen/Desktop/Dev/project-einstein-be/src/use-cases/engagement-drafts/delete-engagement-draft-by-id.ts","statementMap":{"0":{"start":{"line":1,"column":0},"end":{"line":1,"column":55}},"1":{"start":{"line":7,"column":1},"end":{"line":25,"column":null}},"2":{"start":{"line":8,"column":26},"end":{"line":8,"column":62}},"3":{"start":{"line":10,"column":2},"end":{"line":10,"column":null}},"4":{"start":{"line":10,"column":24},"end":{"line":10,"column":null}},"5":{"start":{"line":12,"column":42},"end":{"line":12,"column":85}},"6":{"start":{"line":14,"column":29},"end":{"line":14,"column":31}},"7":{"start":{"line":16,"column":28},"end":{"line":17,"column":null}},"8":{"start":{"line":20,"column":31},"end":{"line":20,"column":87}},"9":{"start":{"line":22,"column":2},"end":{"line":22,"column":null}},"10":{"start":{"line":24,"column":2},"end":{"line":24,"column":null}},"11":{"start":{"line":4,"column":0},"end":{"line":4,"column":24}}},"fnMap":{"0":{"name":"makeDeleteEngagementDraft","decl":{"start":{"line":4,"column":24},"end":{"line":4,"column":49}},"loc":{"start":{"line":6,"column":28},"end":{"line":26,"column":1}}},"1":{"name":"deleteEngagementDraft","decl":{"start":{"line":7,"column":23},"end":{"line":7,"column":44}},"loc":{"start":{"line":7,"column":55},"end":{"line":25,"column":null}}}},"branchMap":{"0":{"loc":{"start":{"line":10,"column":2},"end":{"line":10,"column":null}},"type":"if","locations":[{"start":{"line":10,"column":2},"end":{"line":10,"column":null}}]}},"s":{"0":0,"1":0,"2":0,"3":0,"4":0,"5":0,"6":0,"7":0,"8":0,"9":0,"10":0,"11":0},"f":{"0":0,"1":0},"b":{"0":[0]}}
,"/Users/davidchrispen/Desktop/Dev/project-einstein-be/src/use-cases/files/index.ts": {"path":"/Users/davidchrispen/Desktop/Dev/project-einstein-be/src/use-cases/files/index.ts","statementMap":{"0":{"start":{"line":1,"column":0},"end":{"line":1,"column":75}},"1":{"start":{"line":2,"column":0},"end":{"line":2,"column":52}},"2":{"start":{"line":3,"column":0},"end":{"line":3,"column":57}},"3":{"start":{"line":4,"column":0},"end":{"line":4,"column":44}},"4":{"start":{"line":5,"column":0},"end":{"line":5,"column":70}},"5":{"start":{"line":7,"column":20},"end":{"line":7,"column":80}},"6":{"start":{"line":25,"column":9},"end":{"line":25,"column":20}},"7":{"start":{"line":8,"column":23},"end":{"line":8,"column":53}},"8":{"start":{"line":25,"column":22},"end":{"line":25,"column":36}},"9":{"start":{"line":9,"column":25},"end":{"line":9,"column":57}},"10":{"start":{"line":25,"column":38},"end":{"line":25,"column":54}},"11":{"start":{"line":10,"column":32},"end":{"line":14,"column":2}},"12":{"start":{"line":25,"column":56},"end":{"line":25,"column":79}},"13":{"start":{"line":16,"column":20},"end":{"line":21,"column":2}},"14":{"start":{"line":23,"column":0},"end":{"line":23,"column":null}}},"fnMap":{},"branchMap":{},"s":{"0":0,"1":0,"2":0,"3":0,"4":0,"5":0,"6":0,"7":0,"8":0,"9":0,"10":0,"11":0,"12":0,"13":0,"14":0},"f":{},"b":{}}
,"/Users/davidchrispen/Desktop/Dev/project-einstein-be/src/use-cases/files/update-draft-to-engagement.ts": {"path":"/Users/davidchrispen/Desktop/Dev/project-einstein-be/src/use-cases/files/update-draft-to-engagement.ts","statementMap":{"0":{"start":{"line":1,"column":0},"end":{"line":1,"column":55}},"1":{"start":{"line":17,"column":1},"end":{"line":67,"column":null}},"2":{"start":{"line":18,"column":21},"end":{"line":18,"column":61}},"3":{"start":{"line":19,"column":16},"end":{"line":19,"column":58}},"4":{"start":{"line":21,"column":2},"end":{"line":21,"column":null}},"5":{"start":{"line":21,"column":19},"end":{"line":21,"column":null}},"6":{"start":{"line":22,"column":2},"end":{"line":22,"column":null}},"7":{"start":{"line":22,"column":14},"end":{"line":22,"column":null}},"8":{"start":{"line":24,"column":42},"end":{"line":24,"column":85}},"9":{"start":{"line":26,"column":29},"end":{"line":26,"column":37}},"10":{"start":{"line":28,"column":34},"end":{"line":28,"column":45}},"11":{"start":{"line":30,"column":28},"end":{"line":31,"column":null}},"12":{"start":{"line":35,"column":3},"end":{"line":35,"column":64}},"13":{"start":{"line":37,"column":2},"end":{"line":37,"column":null}},"14":{"start":{"line":39,"column":31},"end":{"line":39,"column":87}},"15":{"start":{"line":41,"column":2},"end":{"line":41,"column":null}},"16":{"start":{"line":43,"column":2},"end":{"line":62,"column":null}},"17":{"start":{"line":43,"column":27},"end":{"line":43,"column":null}},"18":{"start":{"line":43,"column":23},"end":{"line":43,"column":27}},"19":{"start":{"line":44,"column":20},"end":{"line":44,"column":29}},"20":{"start":{"line":46,"column":28},"end":{"line":46,"column":78}},"21":{"start":{"line":48,"column":33},"end":{"line":48,"column":82}},"22":{"start":{"line":50,"column":22},"end":{"line":50,"column":88}},"23":{"start":{"line":52,"column":3},"end":{"line":52,"column":null}},"24":{"start":{"line":54,"column":27},"end":{"line":59,"column":null}},"25":{"start":{"line":61,"column":3},"end":{"line":61,"column":null}},"26":{"start":{"line":64,"column":24},"end":{"line":64,"column":66}},"27":{"start":{"line":66,"column":2},"end":{"line":66,"column":null}},"28":{"start":{"line":12,"column":0},"end":{"line":12,"column":24}}},"fnMap":{"0":{"name":"makeUpdateDraftToEngagement","decl":{"start":{"line":12,"column":24},"end":{"line":12,"column":51}},"loc":{"start":{"line":16,"column":30},"end":{"line":68,"column":1}}},"1":{"name":"updateDraftToEngagement","decl":{"start":{"line":17,"column":23},"end":{"line":17,"column":46}},"loc":{"start":{"line":17,"column":84},"end":{"line":67,"column":null}}}},"branchMap":{"0":{"loc":{"start":{"line":21,"column":2},"end":{"line":21,"column":null}},"type":"if","locations":[{"start":{"line":21,"column":2},"end":{"line":21,"column":null}}]},"1":{"loc":{"start":{"line":22,"column":2},"end":{"line":22,"column":null}},"type":"if","locations":[{"start":{"line":22,"column":2},"end":{"line":22,"column":null}}]}},"s":{"0":0,"1":0,"2":0,"3":0,"4":0,"5":0,"6":0,"7":0,"8":0,"9":0,"10":0,"11":0,"12":0,"13":0,"14":0,"15":0,"16":0,"17":0,"18":0,"19":0,"20":0,"21":0,"22":0,"23":0,"24":0,"25":0,"26":0,"27":0,"28":0},"f":{"0":0,"1":0},"b":{"0":[0],"1":[0]}}
,"/Users/davidchrispen/Desktop/Dev/project-einstein-be/src/use-cases/files/upload-files.ts": {"path":"/Users/davidchrispen/Desktop/Dev/project-einstein-be/src/use-cases/files/upload-files.ts","statementMap":{"0":{"start":{"line":1,"column":0},"end":{"line":1,"column":55}},"1":{"start":{"line":3,"column":0},"end":{"line":3,"column":25}},"2":{"start":{"line":5,"column":0},"end":{"line":5,"column":55}},"3":{"start":{"line":13,"column":1},"end":{"line":63,"column":null}},"4":{"start":{"line":14,"column":21},"end":{"line":14,"column":52}},"5":{"start":{"line":15,"column":16},"end":{"line":15,"column":52}},"6":{"start":{"line":17,"column":2},"end":{"line":17,"column":null}},"7":{"start":{"line":17,"column":29},"end":{"line":17,"column":null}},"8":{"start":{"line":19,"column":42},"end":{"line":19,"column":85}},"9":{"start":{"line":21,"column":24},"end":{"line":21,"column":26}},"10":{"start":{"line":23,"column":28},"end":{"line":24,"column":null}},"11":{"start":{"line":27,"column":26},"end":{"line":27,"column":77}},"12":{"start":{"line":29,"column":2},"end":{"line":29,"column":null}},"13":{"start":{"line":31,"column":2},"end":{"line":61,"column":null}},"14":{"start":{"line":32,"column":3},"end":{"line":60,"column":null}},"15":{"start":{"line":33,"column":35},"end":{"line":57,"column":6}},"16":{"start":{"line":34,"column":22},"end":{"line":34,"column":52}},"17":{"start":{"line":36,"column":29},"end":{"line":36,"column":73}},"18":{"start":{"line":38,"column":5},"end":{"line":38,"column":null}},"19":{"start":{"line":40,"column":29},"end":{"line":52,"column":null}},"20":{"start":{"line":54,"column":5},"end":{"line":54,"column":null}},"21":{"start":{"line":56,"column":5},"end":{"line":56,"column":null}},"22":{"start":{"line":59,"column":4},"end":{"line":59,"column":null}},"23":{"start":{"line":62,"column":2},"end":{"line":62,"column":null}},"24":{"start":{"line":12,"column":0},"end":{"line":12,"column":24}}},"fnMap":{"0":{"name":"makeUploadFiles","decl":{"start":{"line":12,"column":24},"end":{"line":12,"column":39}},"loc":{"start":{"line":12,"column":96},"end":{"line":64,"column":1}}},"1":{"name":"uploadFiles","decl":{"start":{"line":13,"column":23},"end":{"line":13,"column":34}},"loc":{"start":{"line":13,"column":67},"end":{"line":63,"column":null}}},"2":{"name":"(anonymous_11)","decl":{"start":{"line":33,"column":22},"end":{"line":33,"column":28}},"loc":{"start":{"line":33,"column":35},"end":{"line":57,"column":6}}},"3":{"name":"(anonymous_12)","decl":{"start":{"line":33,"column":35},"end":{"line":33,"column":null}},"loc":{"start":{"line":33,"column":35},"end":{"line":57,"column":5}}},"4":{"name":"(anonymous_13)","decl":{"start":{"line":58,"column":11},"end":{"line":58,"column":16}},"loc":{"start":{"line":58,"column":19},"end":{"line":60,"column":4}}}},"branchMap":{"0":{"loc":{"start":{"line":17,"column":2},"end":{"line":17,"column":null}},"type":"if","locations":[{"start":{"line":17,"column":2},"end":{"line":17,"column":null}}]},"1":{"loc":{"start":{"line":17,"column":6},"end":{"line":17,"column":27}},"type":"binary-expr","locations":[{"start":{"line":17,"column":6},"end":{"line":17,"column":17}},{"start":{"line":17,"column":21},"end":{"line":17,"column":27}}]},"2":{"loc":{"start":{"line":31,"column":2},"end":{"line":61,"column":null}},"type":"if","locations":[{"start":{"line":31,"column":2},"end":{"line":61,"column":null}}]},"3":{"loc":{"start":{"line":31,"column":6},"end":{"line":31,"column":62}},"type":"binary-expr","locations":[{"start":{"line":31,"column":6},"end":{"line":31,"column":19}},{"start":{"line":31,"column":23},"end":{"line":31,"column":62}}]},"4":{"loc":{"start":{"line":40,"column":29},"end":{"line":52,"column":null}},"type":"cond-expr","locations":[{"start":{"line":41,"column":8},"end":{"line":46,"column":null}},{"start":{"line":47,"column":8},"end":{"line":52,"column":null}}]},"5":{"loc":{"start":{"line":62,"column":9},"end":{"line":62,"column":80}},"type":"cond-expr","locations":[{"start":{"line":62,"column":22},"end":{"line":62,"column":47}},{"start":{"line":62,"column":50},"end":{"line":62,"column":80}}]}},"s":{"0":0,"1":0,"2":0,"3":0,"4":0,"5":0,"6":0,"7":0,"8":0,"9":0,"10":0,"11":0,"12":0,"13":0,"14":0,"15":0,"16":0,"17":0,"18":0,"19":0,"20":0,"21":0,"22":0,"23":0,"24":0},"f":{"0":0,"1":0,"2":0,"3":0,"4":0},"b":{"0":[0],"1":[0,0],"2":[0],"3":[0,0],"4":[0,0],"5":[0,0]}}
}
